<?xml version="1.0" encoding="UTF-8"?>
<!-- Generated by org.testng.reporters.JUnitXMLReporter -->
<testsuite ignored="1" hostname="DESKTOP-ABNUCIB" failures="0" tests="3" name="Test" time="119.126" errors="0" timestamp="2020-12-22T17:22:55 IST">
  <testcase classname="com.capium.automation.businessScript.RunnerClass" name="login_InvalidDetails" time="13.786"/>
  <testcase classname="com.capium.automation.businessScript.RunnerClass" name="login_ValidDetails" time="68.028"/>
  <testcase classname="com.capium.automation.businessScript.RunnerClass" name="CreateNewClient" time="37.232"/>
  <testcase classname="com.capium.automation.businessScript.RunnerClass" name="validating_Links_In_WelcomePage" time="0.0">
    <ignored/>
  </testcase> <!-- validating_Links_In_WelcomePage -->
</testsuite> <!-- Test -->
